\\acsnfs4.ucsd.edu\cifshomes\867\kmmenese\visual studio 2015\projects\project5\vrmath\release\vrmath.pdb
\\acsnfs4.ucsd.edu\cifshomes\867\kmmenese\visual studio 2015\projects\project5\vrmath\release\vectorrn.obj
\\acsnfs4.ucsd.edu\cifshomes\867\kmmenese\visual studio 2015\projects\project5\vrmath\release\statistics.obj
\\acsnfs4.ucsd.edu\cifshomes\867\kmmenese\visual studio 2015\projects\project5\vrmath\release\slerp.obj
\\acsnfs4.ucsd.edu\cifshomes\867\kmmenese\visual studio 2015\projects\project5\vrmath\release\scalarwithpartials.obj
\\acsnfs4.ucsd.edu\cifshomes\867\kmmenese\visual studio 2015\projects\project5\vrmath\release\scalarwithhessian.obj
\\acsnfs4.ucsd.edu\cifshomes\867\kmmenese\visual studio 2015\projects\project5\vrmath\release\rationalextrapolation.obj
\\acsnfs4.ucsd.edu\cifshomes\867\kmmenese\visual studio 2015\projects\project5\vrmath\release\quaternion.obj
\\acsnfs4.ucsd.edu\cifshomes\867\kmmenese\visual studio 2015\projects\project5\vrmath\release\polynomialrc.obj
\\acsnfs4.ucsd.edu\cifshomes\867\kmmenese\visual studio 2015\projects\project5\vrmath\release\polygonintersect.obj
\\acsnfs4.ucsd.edu\cifshomes\867\kmmenese\visual studio 2015\projects\project5\vrmath\release\polygonclip.obj
\\acsnfs4.ucsd.edu\cifshomes\867\kmmenese\visual studio 2015\projects\project5\vrmath\release\parallelepiped.obj
\\acsnfs4.ucsd.edu\cifshomes\867\kmmenese\visual studio 2015\projects\project5\vrmath\release\numbers.obj
\\acsnfs4.ucsd.edu\cifshomes\867\kmmenese\visual studio 2015\projects\project5\vrmath\release\mersennetwister.obj
\\acsnfs4.ucsd.edu\cifshomes\867\kmmenese\visual studio 2015\projects\project5\vrmath\release\matrixrmn.obj
\\acsnfs4.ucsd.edu\cifshomes\867\kmmenese\visual studio 2015\projects\project5\vrmath\release\matrixlowerrnn.obj
\\acsnfs4.ucsd.edu\cifshomes\867\kmmenese\visual studio 2015\projects\project5\vrmath\release\linearr4.obj
\\acsnfs4.ucsd.edu\cifshomes\867\kmmenese\visual studio 2015\projects\project5\vrmath\release\linearr3.obj
\\acsnfs4.ucsd.edu\cifshomes\867\kmmenese\visual studio 2015\projects\project5\vrmath\release\linearr2.obj
\\acsnfs4.ucsd.edu\cifshomes\867\kmmenese\visual studio 2015\projects\project5\vrmath\release\integration.obj
\\acsnfs4.ucsd.edu\cifshomes\867\kmmenese\visual studio 2015\projects\project5\vrmath\release\aabb.obj
\\acsnfs4.ucsd.edu\cifshomes\867\kmmenese\visual studio 2015\projects\project5\vrmath\release\vrmath.lib
\\acsnfs4.ucsd.edu\cifshomes\867\kmmenese\visual studio 2015\projects\project5\vrmath\release\vrmath.tlog\cl.read.1.tlog
\\acsnfs4.ucsd.edu\cifshomes\867\kmmenese\visual studio 2015\projects\project5\vrmath\release\vrmath.tlog\cl.write.1.tlog
\\acsnfs4.ucsd.edu\cifshomes\867\kmmenese\visual studio 2015\projects\project5\vrmath\release\vrmath.tlog\cl.command.1.tlog
\\acsnfs4.ucsd.edu\cifshomes\867\kmmenese\visual studio 2015\projects\project5\vrmath\release\vrmath.tlog\lib-link.read.1.tlog
\\acsnfs4.ucsd.edu\cifshomes\867\kmmenese\visual studio 2015\projects\project5\vrmath\release\vrmath.tlog\lib-link.write.1.tlog
\\acsnfs4.ucsd.edu\cifshomes\867\kmmenese\visual studio 2015\projects\project5\vrmath\release\vrmath.tlog\lib.command.1.tlog
